<?xml version="1.0" encoding="UTF-8"?>
<!-- Generated by org.testng.reporters.JUnitReportReporter -->
<testsuite hostname="BRIANREMBECF611" failures="0" tests="1" name="cuke.NGCucumberRunner" time="14.589" errors="0" timestamp="08 Oct 2018 18:17:06 GMT" skipped="0">
  <testcase classname="cuke.NGCucumberRunner" name="feature" time="14.589"/>
</testsuite> <!-- cuke.NGCucumberRunner -->
