<?xml version="1.0" encoding="UTF-8"?>
<!-- Generated by org.testng.reporters.JUnitReportReporter -->
<testsuite hostname="BRIANREMBECF611" failures="0" tests="1" name="cuke.NGCucumberRunner" time="12.066" errors="0" timestamp="04 Oct 2018 20:04:34 GMT" skipped="0">
  <testcase classname="cuke.NGCucumberRunner" name="feature" time="12.066"/>
</testsuite> <!-- cuke.NGCucumberRunner -->
