<?xml version="1.0" encoding="UTF-8"?>
<!-- Generated by org.testng.reporters.JUnitReportReporter -->
<testsuite hostname="BRIANREMBECF611" failures="0" tests="1" name="cuke.NGCucumberRunner" time="33.729" errors="0" timestamp="09 Oct 2018 14:22:01 GMT" skipped="0">
  <testcase classname="cuke.NGCucumberRunner" name="feature" time="33.729"/>
</testsuite> <!-- cuke.NGCucumberRunner -->
