<?xml version="1.0" encoding="UTF-8"?>
<!-- Generated by org.testng.reporters.JUnitReportReporter -->
<testsuite skipped="0" hostname="LAPTOP-FIONSAGV" name="cuke.NGCucumberRunner" tests="1" failures="0" timestamp="04 Oct 2018 19:06:42 GMT" time="6.729" errors="0">
  <testcase name="feature" time="6.729" classname="cuke.NGCucumberRunner"/>
</testsuite> <!-- cuke.NGCucumberRunner -->
