<?xml version="1.0" encoding="UTF-8"?>
<!-- Generated by org.testng.reporters.JUnitReportReporter -->
<testsuite skipped="0" hostname="LAPTOP-FIONSAGV" name="basictests.BarChartTest" tests="1" failures="0" timestamp="05 Oct 2018 03:03:33 GMT" time="3.685" errors="0">
  <testcase name="checkWV" time="3.685" classname="basictests.BarChartTest"/>
</testsuite> <!-- basictests.BarChartTest -->
