<?xml version="1.0" encoding="UTF-8"?>
<!-- Generated by org.testng.reporters.JUnitReportReporter -->
<testsuite hostname="BRIANREMBECF611" failures="0" tests="1" name="basictests.BarChartTest" time="3.635" errors="0" timestamp="08 Oct 2018 14:23:45 GMT" skipped="0">
  <testcase classname="basictests.BarChartTest" name="checkWV" time="3.635"/>
</testsuite> <!-- basictests.BarChartTest -->
