<?xml version="1.0" encoding="UTF-8"?>
<!-- Generated by org.testng.reporters.JUnitReportReporter -->
<testsuite hostname="BRIANREMBECF611" failures="0" tests="1" name="cuke.NGCucumberRunner" time="33.428" errors="0" timestamp="04 Oct 2018 17:58:31 GMT" skipped="0">
  <testcase classname="cuke.NGCucumberRunner" name="feature" time="33.428"/>
</testsuite> <!-- cuke.NGCucumberRunner -->
